0 info it worked if it ends with ok
1 verbose cli [ '/usr/local/bin/node', '/usr/local/bin/npm', 'run', 'build' ]
2 info using npm@3.10.10
3 info using node@v6.11.5
4 verbose run-script [ 'prebuild', 'build', 'postbuild' ]
5 info lifecycle catclicker@1.0.0~prebuild: catclicker@1.0.0
6 silly lifecycle catclicker@1.0.0~prebuild: no script for prebuild, continuing
7 info lifecycle catclicker@1.0.0~build: catclicker@1.0.0
8 verbose lifecycle catclicker@1.0.0~build: unsafe-perm in lifecycle true
9 verbose lifecycle catclicker@1.0.0~build: PATH: /usr/local/lib/node_modules/npm/bin/node-gyp-bin:/Users/green/Documents/Demo-Git/cat clicker/node_modules/.bin:/usr/local/bin:/usr/bin:/bin:/usr/sbin:/sbin
10 verbose lifecycle catclicker@1.0.0~build: CWD: /Users/green/Documents/Demo-Git/cat clicker
11 silly lifecycle catclicker@1.0.0~build: Args: [ '-c', 'webpack app/app.js public/js/app.js' ]
12 silly lifecycle catclicker@1.0.0~build: Returned: code: 1  signal: null
13 info lifecycle catclicker@1.0.0~build: Failed to exec build script
14 verbose stack Error: catclicker@1.0.0 build: `webpack app/app.js public/js/app.js`
14 verbose stack Exit status 1
14 verbose stack     at EventEmitter.<anonymous> (/usr/local/lib/node_modules/npm/lib/utils/lifecycle.js:255:16)
14 verbose stack     at emitTwo (events.js:106:13)
14 verbose stack     at EventEmitter.emit (events.js:191:7)
14 verbose stack     at ChildProcess.<anonymous> (/usr/local/lib/node_modules/npm/lib/utils/spawn.js:40:14)
14 verbose stack     at emitTwo (events.js:106:13)
14 verbose stack     at ChildProcess.emit (events.js:191:7)
14 verbose stack     at maybeClose (internal/child_process.js:920:16)
14 verbose stack     at Process.ChildProcess._handle.onexit (internal/child_process.js:230:5)
15 verbose pkgid catclicker@1.0.0
16 verbose cwd /Users/green/Documents/Demo-Git/cat clicker
17 error Darwin 17.3.0
18 error argv "/usr/local/bin/node" "/usr/local/bin/npm" "run" "build"
19 error node v6.11.5
20 error npm  v3.10.10
21 error code ELIFECYCLE
22 error catclicker@1.0.0 build: `webpack app/app.js public/js/app.js`
22 error Exit status 1
23 error Failed at the catclicker@1.0.0 build script 'webpack app/app.js public/js/app.js'.
23 error Make sure you have the latest version of node.js and npm installed.
23 error If you do, this is most likely a problem with the catclicker package,
23 error not with npm itself.
23 error Tell the author that this fails on your system:
23 error     webpack app/app.js public/js/app.js
23 error You can get information on how to open an issue for this project with:
23 error     npm bugs catclicker
23 error Or if that isn't available, you can get their info via:
23 error     npm owner ls catclicker
23 error There is likely additional logging output above.
24 verbose exit [ 1, true ]
